<?xml version="1.0" encoding="UTF-8"?>
<!-- Generated by org.testng.reporters.JUnitReportReporter -->
<testsuite hostname="Nishants-MacBook-Air.local" failures="0" tests="1" name="AutomationSeleniumFrameworkDesign.tests.SubmitOrderTest" time="21.223" errors="0" timestamp="2022-11-08T09:46:13 IST" skipped="0">
  <testcase classname="AutomationSeleniumFrameworkDesign.tests.SubmitOrderTest" name="submitOrder" time="21.223"/>
  <system-out/>
</testsuite> <!-- AutomationSeleniumFrameworkDesign.tests.SubmitOrderTest -->
